{"/workspace/farmyard-counting-game/assets/js/script.js": {"path":"/workspace/farmyard-counting-game/assets/js/script.js","statementMap":{"0":{"start":{"line":4,"column":11},"end":{"line":14,"column":1}},"1":{"start":{"line":22,"column":0},"end":{"line":31,"column":3}},"2":{"start":{"line":23,"column":4},"end":{"line":26,"column":7}},"3":{"start":{"line":24,"column":8},"end":{"line":24,"column":47}},"4":{"start":{"line":25,"column":8},"end":{"line":25,"column":33}},"5":{"start":{"line":27,"column":4},"end":{"line":27,"column":119}},"6":{"start":{"line":28,"column":4},"end":{"line":28,"column":39}},"7":{"start":{"line":29,"column":4},"end":{"line":29,"column":15}},"8":{"start":{"line":30,"column":4},"end":{"line":30,"column":56}},"9":{"start":{"line":35,"column":4},"end":{"line":40,"column":5}},"10":{"start":{"line":36,"column":8},"end":{"line":36,"column":37}},"11":{"start":{"line":37,"column":8},"end":{"line":37,"column":47}},"12":{"start":{"line":38,"column":8},"end":{"line":38,"column":41}},"13":{"start":{"line":39,"column":8},"end":{"line":39,"column":56}},"14":{"start":{"line":45,"column":4},"end":{"line":50,"column":5}},"15":{"start":{"line":46,"column":8},"end":{"line":46,"column":37}},"16":{"start":{"line":47,"column":8},"end":{"line":47,"column":47}},"17":{"start":{"line":48,"column":8},"end":{"line":48,"column":39}},"18":{"start":{"line":49,"column":8},"end":{"line":49,"column":54}},"19":{"start":{"line":55,"column":4},"end":{"line":60,"column":5}},"20":{"start":{"line":56,"column":8},"end":{"line":56,"column":37}},"21":{"start":{"line":57,"column":8},"end":{"line":57,"column":47}},"22":{"start":{"line":58,"column":8},"end":{"line":58,"column":37}},"23":{"start":{"line":59,"column":8},"end":{"line":59,"column":52}},"24":{"start":{"line":65,"column":4},"end":{"line":67,"column":5}},"25":{"start":{"line":66,"column":8},"end":{"line":66,"column":35}},"26":{"start":{"line":72,"column":4},"end":{"line":77,"column":5}},"27":{"start":{"line":73,"column":8},"end":{"line":73,"column":37}},"28":{"start":{"line":74,"column":8},"end":{"line":74,"column":47}},"29":{"start":{"line":75,"column":8},"end":{"line":75,"column":51}},"30":{"start":{"line":76,"column":8},"end":{"line":76,"column":66}},"31":{"start":{"line":82,"column":21},"end":{"line":82,"column":66}},"32":{"start":{"line":83,"column":4},"end":{"line":85,"column":5}},"33":{"start":{"line":84,"column":8},"end":{"line":84,"column":50}},"34":{"start":{"line":90,"column":4},"end":{"line":96,"column":5}},"35":{"start":{"line":91,"column":8},"end":{"line":91,"column":23}},"36":{"start":{"line":92,"column":8},"end":{"line":92,"column":19}},"37":{"start":{"line":93,"column":11},"end":{"line":96,"column":5}},"38":{"start":{"line":94,"column":8},"end":{"line":94,"column":24}},"39":{"start":{"line":95,"column":8},"end":{"line":95,"column":19}},"40":{"start":{"line":107,"column":4},"end":{"line":107,"column":28}},"41":{"start":{"line":108,"column":4},"end":{"line":108,"column":30}},"42":{"start":{"line":109,"column":4},"end":{"line":109,"column":27}},"43":{"start":{"line":110,"column":4},"end":{"line":110,"column":26}},"44":{"start":{"line":111,"column":4},"end":{"line":111,"column":21}},"45":{"start":{"line":112,"column":4},"end":{"line":115,"column":7}},"46":{"start":{"line":113,"column":8},"end":{"line":113,"column":43}},"47":{"start":{"line":114,"column":8},"end":{"line":114,"column":22}},"48":{"start":{"line":116,"column":4},"end":{"line":116,"column":16}},"49":{"start":{"line":117,"column":4},"end":{"line":117,"column":18}},"50":{"start":{"line":122,"column":4},"end":{"line":122,"column":31}},"51":{"start":{"line":123,"column":4},"end":{"line":125,"column":5}},"52":{"start":{"line":123,"column":17},"end":{"line":123,"column":18}},"53":{"start":{"line":124,"column":8},"end":{"line":124,"column":118}},"54":{"start":{"line":130,"column":4},"end":{"line":130,"column":71}},"55":{"start":{"line":131,"column":4},"end":{"line":131,"column":75}},"56":{"start":{"line":142,"column":4},"end":{"line":142,"column":32}},"57":{"start":{"line":143,"column":23},"end":{"line":143,"column":67}},"58":{"start":{"line":144,"column":4},"end":{"line":146,"column":5}},"59":{"start":{"line":145,"column":8},"end":{"line":145,"column":68}},"60":{"start":{"line":147,"column":4},"end":{"line":147,"column":40}},"61":{"start":{"line":148,"column":4},"end":{"line":148,"column":22}},"62":{"start":{"line":153,"column":21},"end":{"line":153,"column":82}},"63":{"start":{"line":154,"column":4},"end":{"line":156,"column":5}},"64":{"start":{"line":155,"column":8},"end":{"line":155,"column":83}},"65":{"start":{"line":157,"column":4},"end":{"line":157,"column":36}},"66":{"start":{"line":165,"column":4},"end":{"line":165,"column":19}},"67":{"start":{"line":166,"column":4},"end":{"line":168,"column":5}},"68":{"start":{"line":166,"column":17},"end":{"line":166,"column":18}},"69":{"start":{"line":167,"column":8},"end":{"line":167,"column":141}},"70":{"start":{"line":169,"column":4},"end":{"line":169,"column":40}},"71":{"start":{"line":182,"column":20},"end":{"line":182,"column":61}},"72":{"start":{"line":183,"column":4},"end":{"line":189,"column":5}},"73":{"start":{"line":184,"column":8},"end":{"line":184,"column":27}},"74":{"start":{"line":185,"column":8},"end":{"line":185,"column":30}},"75":{"start":{"line":187,"column":8},"end":{"line":187,"column":29}},"76":{"start":{"line":188,"column":8},"end":{"line":188,"column":32}},"77":{"start":{"line":190,"column":4},"end":{"line":190,"column":16}},"78":{"start":{"line":191,"column":4},"end":{"line":191,"column":69}},"79":{"start":{"line":192,"column":4},"end":{"line":196,"column":5}},"80":{"start":{"line":193,"column":8},"end":{"line":193,"column":22}},"81":{"start":{"line":195,"column":8},"end":{"line":195,"column":21}},"82":{"start":{"line":207,"column":4},"end":{"line":207,"column":30}},"83":{"start":{"line":208,"column":4},"end":{"line":208,"column":25}},"84":{"start":{"line":209,"column":4},"end":{"line":209,"column":27}},"85":{"start":{"line":210,"column":4},"end":{"line":213,"column":13}},"86":{"start":{"line":211,"column":8},"end":{"line":211,"column":43}},"87":{"start":{"line":212,"column":8},"end":{"line":212,"column":25}},"88":{"start":{"line":214,"column":4},"end":{"line":214,"column":37}},"89":{"start":{"line":219,"column":4},"end":{"line":219,"column":17}},"90":{"start":{"line":220,"column":4},"end":{"line":220,"column":18}},"91":{"start":{"line":225,"column":4},"end":{"line":225,"column":65}},"92":{"start":{"line":226,"column":4},"end":{"line":226,"column":52}},"93":{"start":{"line":231,"column":4},"end":{"line":231,"column":25}},"94":{"start":{"line":232,"column":4},"end":{"line":232,"column":31}},"95":{"start":{"line":237,"column":4},"end":{"line":237,"column":16}},"96":{"start":{"line":238,"column":4},"end":{"line":238,"column":20}},"97":{"start":{"line":243,"column":24},"end":{"line":243,"column":59}},"98":{"start":{"line":244,"column":4},"end":{"line":246,"column":5}},"99":{"start":{"line":244,"column":17},"end":{"line":244,"column":18}},"100":{"start":{"line":245,"column":8},"end":{"line":245,"column":72}},"101":{"start":{"line":247,"column":4},"end":{"line":249,"column":5}},"102":{"start":{"line":248,"column":8},"end":{"line":248,"column":112}},"103":{"start":{"line":254,"column":22},"end":{"line":254,"column":24}},"104":{"start":{"line":255,"column":4},"end":{"line":261,"column":5}},"105":{"start":{"line":256,"column":8},"end":{"line":256,"column":31}},"106":{"start":{"line":257,"column":11},"end":{"line":261,"column":5}},"107":{"start":{"line":258,"column":8},"end":{"line":258,"column":31}},"108":{"start":{"line":260,"column":8},"end":{"line":260,"column":29}},"109":{"start":{"line":262,"column":4},"end":{"line":262,"column":105}},"110":{"start":{"line":272,"column":4},"end":{"line":272,"column":27}},"111":{"start":{"line":273,"column":4},"end":{"line":273,"column":26}},"112":{"start":{"line":274,"column":4},"end":{"line":274,"column":52}},"113":{"start":{"line":275,"column":4},"end":{"line":275,"column":39}},"114":{"start":{"line":283,"column":4},"end":{"line":285,"column":5}},"115":{"start":{"line":284,"column":8},"end":{"line":284,"column":49}},"116":{"start":{"line":286,"column":4},"end":{"line":288,"column":5}},"117":{"start":{"line":287,"column":8},"end":{"line":287,"column":49}},"118":{"start":{"line":299,"column":4},"end":{"line":309,"column":5}},"119":{"start":{"line":300,"column":8},"end":{"line":303,"column":9}},"120":{"start":{"line":301,"column":12},"end":{"line":301,"column":71}},"121":{"start":{"line":302,"column":12},"end":{"line":302,"column":66}},"122":{"start":{"line":304,"column":25},"end":{"line":304,"column":120}},"123":{"start":{"line":305,"column":33},"end":{"line":305,"column":78}},"124":{"start":{"line":306,"column":8},"end":{"line":306,"column":62}},"125":{"start":{"line":307,"column":22},"end":{"line":307,"column":67}},"126":{"start":{"line":308,"column":8},"end":{"line":308,"column":53}},"127":{"start":{"line":310,"column":4},"end":{"line":319,"column":5}},"128":{"start":{"line":311,"column":8},"end":{"line":313,"column":9}},"129":{"start":{"line":312,"column":12},"end":{"line":312,"column":71}},"130":{"start":{"line":314,"column":25},"end":{"line":314,"column":120}},"131":{"start":{"line":315,"column":33},"end":{"line":315,"column":78}},"132":{"start":{"line":316,"column":8},"end":{"line":316,"column":62}},"133":{"start":{"line":317,"column":22},"end":{"line":317,"column":67}},"134":{"start":{"line":318,"column":8},"end":{"line":318,"column":53}},"135":{"start":{"line":324,"column":4},"end":{"line":324,"column":69}},"136":{"start":{"line":325,"column":29},"end":{"line":325,"column":86}},"137":{"start":{"line":326,"column":4},"end":{"line":326,"column":53}},"138":{"start":{"line":327,"column":4},"end":{"line":327,"column":69}},"139":{"start":{"line":328,"column":29},"end":{"line":328,"column":86}},"140":{"start":{"line":329,"column":4},"end":{"line":329,"column":53}},"141":{"start":{"line":334,"column":4},"end":{"line":334,"column":45}},"142":{"start":{"line":335,"column":4},"end":{"line":335,"column":45}},"143":{"start":{"line":336,"column":4},"end":{"line":336,"column":43}},"144":{"start":{"line":337,"column":4},"end":{"line":337,"column":43}},"145":{"start":{"line":338,"column":4},"end":{"line":338,"column":41}},"146":{"start":{"line":339,"column":4},"end":{"line":339,"column":41}},"147":{"start":{"line":340,"column":4},"end":{"line":340,"column":26}},"148":{"start":{"line":343,"column":0},"end":{"line":345,"column":2}},"149":{"start":{"line":343,"column":35},"end":{"line":345,"column":2}}},"fnMap":{"0":{"name":"(anonymous_0)","decl":{"start":{"line":22,"column":46},"end":{"line":22,"column":47}},"loc":{"start":{"line":22,"column":58},"end":{"line":31,"column":1}},"line":22},"1":{"name":"(anonymous_1)","decl":{"start":{"line":23,"column":22},"end":{"line":23,"column":23}},"loc":{"start":{"line":23,"column":34},"end":{"line":26,"column":5}},"line":23},"2":{"name":"playButtonClickAudio","decl":{"start":{"line":34,"column":9},"end":{"line":34,"column":29}},"loc":{"start":{"line":34,"column":32},"end":{"line":41,"column":1}},"line":34},"3":{"name":"playIncorrectAudio","decl":{"start":{"line":44,"column":9},"end":{"line":44,"column":27}},"loc":{"start":{"line":44,"column":30},"end":{"line":51,"column":1}},"line":44},"4":{"name":"playCorrectAudio","decl":{"start":{"line":54,"column":9},"end":{"line":54,"column":25}},"loc":{"start":{"line":54,"column":28},"end":{"line":61,"column":1}},"line":54},"5":{"name":"playCheerAudio","decl":{"start":{"line":64,"column":9},"end":{"line":64,"column":23}},"loc":{"start":{"line":64,"column":26},"end":{"line":68,"column":1}},"line":64},"6":{"name":"playAnimalSound","decl":{"start":{"line":71,"column":9},"end":{"line":71,"column":24}},"loc":{"start":{"line":71,"column":27},"end":{"line":78,"column":1}},"line":71},"7":{"name":"getLevel","decl":{"start":{"line":81,"column":9},"end":{"line":81,"column":17}},"loc":{"start":{"line":81,"column":20},"end":{"line":86,"column":1}},"line":81},"8":{"name":"setLevel","decl":{"start":{"line":89,"column":9},"end":{"line":89,"column":17}},"loc":{"start":{"line":89,"column":20},"end":{"line":97,"column":1}},"line":89},"9":{"name":"playGame","decl":{"start":{"line":106,"column":9},"end":{"line":106,"column":17}},"loc":{"start":{"line":106,"column":20},"end":{"line":118,"column":1}},"line":106},"10":{"name":"(anonymous_10)","decl":{"start":{"line":112,"column":29},"end":{"line":112,"column":30}},"loc":{"start":{"line":112,"column":41},"end":{"line":115,"column":5}},"line":112},"11":{"name":"displayOptions","decl":{"start":{"line":121,"column":9},"end":{"line":121,"column":23}},"loc":{"start":{"line":121,"column":26},"end":{"line":126,"column":1}},"line":121},"12":{"name":"showScore","decl":{"start":{"line":129,"column":9},"end":{"line":129,"column":18}},"loc":{"start":{"line":129,"column":21},"end":{"line":132,"column":1}},"line":129},"13":{"name":"newQuestion","decl":{"start":{"line":141,"column":9},"end":{"line":141,"column":20}},"loc":{"start":{"line":141,"column":23},"end":{"line":149,"column":1}},"line":141},"14":{"name":"selectAnimal","decl":{"start":{"line":152,"column":9},"end":{"line":152,"column":21}},"loc":{"start":{"line":152,"column":24},"end":{"line":158,"column":1}},"line":152},"15":{"name":"displayQuestion","decl":{"start":{"line":164,"column":9},"end":{"line":164,"column":24}},"loc":{"start":{"line":164,"column":27},"end":{"line":170,"column":1}},"line":164},"16":{"name":"checkAnswer","decl":{"start":{"line":181,"column":9},"end":{"line":181,"column":20}},"loc":{"start":{"line":181,"column":23},"end":{"line":197,"column":1}},"line":181},"17":{"name":"finishGame","decl":{"start":{"line":206,"column":9},"end":{"line":206,"column":19}},"loc":{"start":{"line":206,"column":22},"end":{"line":215,"column":1}},"line":206},"18":{"name":"(anonymous_18)","decl":{"start":{"line":210,"column":15},"end":{"line":210,"column":16}},"loc":{"start":{"line":210,"column":27},"end":{"line":213,"column":5}},"line":210},"19":{"name":"resetEndOfGameModal","decl":{"start":{"line":218,"column":9},"end":{"line":218,"column":28}},"loc":{"start":{"line":218,"column":31},"end":{"line":221,"column":1}},"line":218},"20":{"name":"resetStars","decl":{"start":{"line":224,"column":9},"end":{"line":224,"column":19}},"loc":{"start":{"line":224,"column":22},"end":{"line":227,"column":1}},"line":224},"21":{"name":"resetTrophy","decl":{"start":{"line":230,"column":9},"end":{"line":230,"column":20}},"loc":{"start":{"line":230,"column":23},"end":{"line":233,"column":1}},"line":230},"22":{"name":"updateEndOfGameModal","decl":{"start":{"line":236,"column":9},"end":{"line":236,"column":29}},"loc":{"start":{"line":236,"column":32},"end":{"line":239,"column":1}},"line":236},"23":{"name":"fillStars","decl":{"start":{"line":242,"column":9},"end":{"line":242,"column":18}},"loc":{"start":{"line":242,"column":21},"end":{"line":250,"column":1}},"line":242},"24":{"name":"displayTrophy","decl":{"start":{"line":253,"column":9},"end":{"line":253,"column":22}},"loc":{"start":{"line":253,"column":25},"end":{"line":263,"column":1}},"line":253},"25":{"name":"displayHighScoresModal","decl":{"start":{"line":271,"column":9},"end":{"line":271,"column":31}},"loc":{"start":{"line":271,"column":34},"end":{"line":276,"column":1}},"line":271},"26":{"name":"checkForStoredScores","decl":{"start":{"line":282,"column":9},"end":{"line":282,"column":29}},"loc":{"start":{"line":282,"column":32},"end":{"line":289,"column":1}},"line":282},"27":{"name":"updateStoredScores","decl":{"start":{"line":298,"column":9},"end":{"line":298,"column":27}},"loc":{"start":{"line":298,"column":30},"end":{"line":320,"column":1}},"line":298},"28":{"name":"displayStoredScores","decl":{"start":{"line":323,"column":9},"end":{"line":323,"column":28}},"loc":{"start":{"line":323,"column":31},"end":{"line":330,"column":1}},"line":323},"29":{"name":"resetStoredScores","decl":{"start":{"line":333,"column":9},"end":{"line":333,"column":26}},"loc":{"start":{"line":333,"column":29},"end":{"line":341,"column":1}},"line":333}},"branchMap":{"0":{"loc":{"start":{"line":35,"column":4},"end":{"line":40,"column":5}},"type":"if","locations":[{"start":{"line":35,"column":4},"end":{"line":40,"column":5}},{"start":{},"end":{}}],"line":35},"1":{"loc":{"start":{"line":45,"column":4},"end":{"line":50,"column":5}},"type":"if","locations":[{"start":{"line":45,"column":4},"end":{"line":50,"column":5}},{"start":{},"end":{}}],"line":45},"2":{"loc":{"start":{"line":55,"column":4},"end":{"line":60,"column":5}},"type":"if","locations":[{"start":{"line":55,"column":4},"end":{"line":60,"column":5}},{"start":{},"end":{}}],"line":55},"3":{"loc":{"start":{"line":65,"column":4},"end":{"line":67,"column":5}},"type":"if","locations":[{"start":{"line":65,"column":4},"end":{"line":67,"column":5}},{"start":{},"end":{}}],"line":65},"4":{"loc":{"start":{"line":72,"column":4},"end":{"line":77,"column":5}},"type":"if","locations":[{"start":{"line":72,"column":4},"end":{"line":77,"column":5}},{"start":{},"end":{}}],"line":72},"5":{"loc":{"start":{"line":90,"column":4},"end":{"line":96,"column":5}},"type":"if","locations":[{"start":{"line":90,"column":4},"end":{"line":96,"column":5}},{"start":{"line":93,"column":11},"end":{"line":96,"column":5}}],"line":90},"6":{"loc":{"start":{"line":93,"column":11},"end":{"line":96,"column":5}},"type":"if","locations":[{"start":{"line":93,"column":11},"end":{"line":96,"column":5}},{"start":{},"end":{}}],"line":93},"7":{"loc":{"start":{"line":183,"column":4},"end":{"line":189,"column":5}},"type":"if","locations":[{"start":{"line":183,"column":4},"end":{"line":189,"column":5}},{"start":{"line":186,"column":11},"end":{"line":189,"column":5}}],"line":183},"8":{"loc":{"start":{"line":192,"column":4},"end":{"line":196,"column":5}},"type":"if","locations":[{"start":{"line":192,"column":4},"end":{"line":196,"column":5}},{"start":{"line":194,"column":11},"end":{"line":196,"column":5}}],"line":192},"9":{"loc":{"start":{"line":247,"column":4},"end":{"line":249,"column":5}},"type":"if","locations":[{"start":{"line":247,"column":4},"end":{"line":249,"column":5}},{"start":{},"end":{}}],"line":247},"10":{"loc":{"start":{"line":255,"column":4},"end":{"line":261,"column":5}},"type":"if","locations":[{"start":{"line":255,"column":4},"end":{"line":261,"column":5}},{"start":{"line":257,"column":11},"end":{"line":261,"column":5}}],"line":255},"11":{"loc":{"start":{"line":257,"column":11},"end":{"line":261,"column":5}},"type":"if","locations":[{"start":{"line":257,"column":11},"end":{"line":261,"column":5}},{"start":{"line":259,"column":11},"end":{"line":261,"column":5}}],"line":257},"12":{"loc":{"start":{"line":283,"column":4},"end":{"line":285,"column":5}},"type":"if","locations":[{"start":{"line":283,"column":4},"end":{"line":285,"column":5}},{"start":{},"end":{}}],"line":283},"13":{"loc":{"start":{"line":286,"column":4},"end":{"line":288,"column":5}},"type":"if","locations":[{"start":{"line":286,"column":4},"end":{"line":288,"column":5}},{"start":{},"end":{}}],"line":286},"14":{"loc":{"start":{"line":299,"column":4},"end":{"line":309,"column":5}},"type":"if","locations":[{"start":{"line":299,"column":4},"end":{"line":309,"column":5}},{"start":{},"end":{}}],"line":299},"15":{"loc":{"start":{"line":300,"column":8},"end":{"line":303,"column":9}},"type":"if","locations":[{"start":{"line":300,"column":8},"end":{"line":303,"column":9}},{"start":{},"end":{}}],"line":300},"16":{"loc":{"start":{"line":310,"column":4},"end":{"line":319,"column":5}},"type":"if","locations":[{"start":{"line":310,"column":4},"end":{"line":319,"column":5}},{"start":{},"end":{}}],"line":310},"17":{"loc":{"start":{"line":311,"column":8},"end":{"line":313,"column":9}},"type":"if","locations":[{"start":{"line":311,"column":8},"end":{"line":313,"column":9}},{"start":{},"end":{}}],"line":311},"18":{"loc":{"start":{"line":343,"column":0},"end":{"line":345,"column":2}},"type":"if","locations":[{"start":{"line":343,"column":0},"end":{"line":345,"column":2}},{"start":{},"end":{}}],"line":343}},"s":{"0":1,"1":1,"2":0,"3":0,"4":0,"5":0,"6":0,"7":0,"8":0,"9":0,"10":0,"11":0,"12":0,"13":0,"14":0,"15":0,"16":0,"17":0,"18":0,"19":0,"20":0,"21":0,"22":0,"23":0,"24":0,"25":0,"26":0,"27":0,"28":0,"29":0,"30":0,"31":0,"32":0,"33":0,"34":0,"35":0,"36":0,"37":0,"38":0,"39":0,"40":0,"41":0,"42":0,"43":0,"44":0,"45":0,"46":0,"47":0,"48":0,"49":0,"50":0,"51":0,"52":0,"53":0,"54":0,"55":0,"56":0,"57":0,"58":0,"59":0,"60":0,"61":0,"62":0,"63":0,"64":0,"65":0,"66":0,"67":0,"68":0,"69":0,"70":0,"71":0,"72":0,"73":0,"74":0,"75":0,"76":0,"77":0,"78":0,"79":0,"80":0,"81":0,"82":0,"83":0,"84":0,"85":0,"86":0,"87":0,"88":0,"89":0,"90":0,"91":0,"92":0,"93":0,"94":0,"95":0,"96":0,"97":0,"98":0,"99":0,"100":0,"101":0,"102":0,"103":0,"104":0,"105":0,"106":0,"107":0,"108":0,"109":0,"110":0,"111":0,"112":0,"113":0,"114":0,"115":0,"116":0,"117":0,"118":0,"119":0,"120":0,"121":0,"122":0,"123":0,"124":0,"125":0,"126":0,"127":0,"128":0,"129":0,"130":0,"131":0,"132":0,"133":0,"134":0,"135":0,"136":0,"137":0,"138":0,"139":0,"140":0,"141":0,"142":0,"143":0,"144":0,"145":0,"146":0,"147":0,"148":1,"149":1},"f":{"0":0,"1":0,"2":0,"3":0,"4":0,"5":0,"6":0,"7":0,"8":0,"9":0,"10":0,"11":0,"12":0,"13":0,"14":0,"15":0,"16":0,"17":0,"18":0,"19":0,"20":0,"21":0,"22":0,"23":0,"24":0,"25":0,"26":0,"27":0,"28":0,"29":0},"b":{"0":[0,0],"1":[0,0],"2":[0,0],"3":[0,0],"4":[0,0],"5":[0,0],"6":[0,0],"7":[0,0],"8":[0,0],"9":[0,0],"10":[0,0],"11":[0,0],"12":[0,0],"13":[0,0],"14":[0,0],"15":[0,0],"16":[0,0],"17":[0,0],"18":[1,0]},"_coverageSchema":"1a1c01bbd47fc00a2c39e90264f33305004495a9","hash":"0ef3953a4fb34336ee35bdefd7abf6163b704f67"}
}
