TN:
SF:assets/js/script.js
FN:22,(anonymous_0)
FN:23,(anonymous_1)
FN:34,playButtonClickAudio
FN:44,playIncorrectAudio
FN:54,playCorrectAudio
FN:64,playCheerAudio
FN:71,playAnimalSound
FN:81,getLevel
FN:89,setLevel
FN:106,playGame
FN:112,(anonymous_10)
FN:121,displayOptions
FN:129,showScore
FN:141,newQuestion
FN:152,selectAnimal
FN:164,displayQuestion
FN:181,checkAnswer
FN:206,finishGame
FN:210,(anonymous_18)
FN:218,resetEndOfGameModal
FN:224,resetStars
FN:230,resetTrophy
FN:236,updateEndOfGameModal
FN:242,fillStars
FN:253,displayTrophy
FN:271,displayHighScoresModal
FN:282,checkForStoredScores
FN:298,updateStoredScores
FN:323,displayStoredScores
FN:333,resetStoredScores
FNF:30
FNH:0
FNDA:0,(anonymous_0)
FNDA:0,(anonymous_1)
FNDA:0,playButtonClickAudio
FNDA:0,playIncorrectAudio
FNDA:0,playCorrectAudio
FNDA:0,playCheerAudio
FNDA:0,playAnimalSound
FNDA:0,getLevel
FNDA:0,setLevel
FNDA:0,playGame
FNDA:0,(anonymous_10)
FNDA:0,displayOptions
FNDA:0,showScore
FNDA:0,newQuestion
FNDA:0,selectAnimal
FNDA:0,displayQuestion
FNDA:0,checkAnswer
FNDA:0,finishGame
FNDA:0,(anonymous_18)
FNDA:0,resetEndOfGameModal
FNDA:0,resetStars
FNDA:0,resetTrophy
FNDA:0,updateEndOfGameModal
FNDA:0,fillStars
FNDA:0,displayTrophy
FNDA:0,displayHighScoresModal
FNDA:0,checkForStoredScores
FNDA:0,updateStoredScores
FNDA:0,displayStoredScores
FNDA:0,resetStoredScores
DA:4,1
DA:22,1
DA:23,0
DA:24,0
DA:25,0
DA:27,0
DA:28,0
DA:29,0
DA:30,0
DA:35,0
DA:36,0
DA:37,0
DA:38,0
DA:39,0
DA:45,0
DA:46,0
DA:47,0
DA:48,0
DA:49,0
DA:55,0
DA:56,0
DA:57,0
DA:58,0
DA:59,0
DA:65,0
DA:66,0
DA:72,0
DA:73,0
DA:74,0
DA:75,0
DA:76,0
DA:82,0
DA:83,0
DA:84,0
DA:90,0
DA:91,0
DA:92,0
DA:93,0
DA:94,0
DA:95,0
DA:107,0
DA:108,0
DA:109,0
DA:110,0
DA:111,0
DA:112,0
DA:113,0
DA:114,0
DA:116,0
DA:117,0
DA:122,0
DA:123,0
DA:124,0
DA:130,0
DA:131,0
DA:142,0
DA:143,0
DA:144,0
DA:145,0
DA:147,0
DA:148,0
DA:153,0
DA:154,0
DA:155,0
DA:157,0
DA:165,0
DA:166,0
DA:167,0
DA:169,0
DA:182,0
DA:183,0
DA:184,0
DA:185,0
DA:187,0
DA:188,0
DA:190,0
DA:191,0
DA:192,0
DA:193,0
DA:195,0
DA:207,0
DA:208,0
DA:209,0
DA:210,0
DA:211,0
DA:212,0
DA:214,0
DA:219,0
DA:220,0
DA:225,0
DA:226,0
DA:231,0
DA:232,0
DA:237,0
DA:238,0
DA:243,0
DA:244,0
DA:245,0
DA:247,0
DA:248,0
DA:254,0
DA:255,0
DA:256,0
DA:257,0
DA:258,0
DA:260,0
DA:262,0
DA:272,0
DA:273,0
DA:274,0
DA:275,0
DA:283,0
DA:284,0
DA:286,0
DA:287,0
DA:299,0
DA:300,0
DA:301,0
DA:302,0
DA:304,0
DA:305,0
DA:306,0
DA:307,0
DA:308,0
DA:310,0
DA:311,0
DA:312,0
DA:314,0
DA:315,0
DA:316,0
DA:317,0
DA:318,0
DA:324,0
DA:325,0
DA:326,0
DA:327,0
DA:328,0
DA:329,0
DA:334,0
DA:335,0
DA:336,0
DA:337,0
DA:338,0
DA:339,0
DA:340,0
DA:343,1
LF:146
LH:3
BRDA:35,0,0,0
BRDA:35,0,1,0
BRDA:45,1,0,0
BRDA:45,1,1,0
BRDA:55,2,0,0
BRDA:55,2,1,0
BRDA:65,3,0,0
BRDA:65,3,1,0
BRDA:72,4,0,0
BRDA:72,4,1,0
BRDA:90,5,0,0
BRDA:90,5,1,0
BRDA:93,6,0,0
BRDA:93,6,1,0
BRDA:183,7,0,0
BRDA:183,7,1,0
BRDA:192,8,0,0
BRDA:192,8,1,0
BRDA:247,9,0,0
BRDA:247,9,1,0
BRDA:255,10,0,0
BRDA:255,10,1,0
BRDA:257,11,0,0
BRDA:257,11,1,0
BRDA:283,12,0,0
BRDA:283,12,1,0
BRDA:286,13,0,0
BRDA:286,13,1,0
BRDA:299,14,0,0
BRDA:299,14,1,0
BRDA:300,15,0,0
BRDA:300,15,1,0
BRDA:310,16,0,0
BRDA:310,16,1,0
BRDA:311,17,0,0
BRDA:311,17,1,0
BRDA:343,18,0,1
BRDA:343,18,1,0
BRF:38
BRH:1
end_of_record
